<?xml version="1.0" encoding="utf-8"?><testsuites name="pytest tests"><testsuite name="pytest" errors="0" failures="0" skipped="1" tests="24" time="3.346" timestamp="2026-05-11T19:25:21.875143+00:00" hostname="agent-env-e00338c6-76f7-4653-9ebf-b529149a4924"><testcase classname="backend.tests.test_musas_burger_api.TestHealth" name="test_root" time="0.196" /><testcase classname="backend.tests.test_musas_burger_api.TestMenu" name="test_menu_count_and_categories" time="0.059" /><testcase classname="backend.tests.test_musas_burger_api.TestMenu" name="test_menu_item_schema" time="0.000" /><testcase classname="backend.tests.test_musas_burger_api.TestMenu" name="test_get_single_item" time="0.049" /><testcase classname="backend.tests.test_musas_burger_api.TestMenu" name="test_get_single_item_404" time="0.068" /><testcase classname="backend.tests.test_musas_burger_api.TestMenu" name="test_create_update_delete_item" time="0.304" /><testcase classname="backend.tests.test_musas_burger_api.TestMenu" name="test_update_nonexistent_404" time="0.052" /><testcase classname="backend.tests.test_musas_burger_api.TestMenu" name="test_delete_nonexistent_404" time="0.050" /><testcase classname="backend.tests.test_musas_burger_api.TestOrders" name="test_create_order_delivery_small_subtotal_has_fee" time="0.114" /><testcase classname="backend.tests.test_musas_burger_api.TestOrders" name="test_create_order_pickup_no_fee" time="0.055" /><testcase classname="backend.tests.test_musas_burger_api.TestOrders" name="test_create_order_delivery_large_subtotal_no_fee" time="0.053" /><testcase classname="backend.tests.test_musas_burger_api.TestOrders" name="test_create_order_contactless_small_has_fee" time="0.064" /><testcase classname="backend.tests.test_musas_burger_api.TestOrders" name="test_create_order_price_manipulation_rejected" time="0.066" /><testcase classname="backend.tests.test_musas_burger_api.TestOrders" name="test_create_order_invalid_menu_item_id" time="0.056" /><testcase classname="backend.tests.test_musas_burger_api.TestOrders" name="test_create_order_stripe_returns_session_id" time="0.702" /><testcase classname="backend.tests.test_musas_burger_api.TestOrders" name="test_get_orders_sorted_desc" time="0.050" /><testcase classname="backend.tests.test_musas_burger_api.TestOrders" name="test_get_single_order_404" time="0.050" /><testcase classname="backend.tests.test_musas_burger_api.TestOrders" name="test_update_order_status" time="0.150" /><testcase classname="backend.tests.test_musas_burger_api.TestOrders" name="test_update_order_invalid_status" time="0.098" /><testcase classname="backend.tests.test_musas_burger_api.TestOrders" name="test_update_order_status_404" time="0.048" /><testcase classname="backend.tests.test_musas_burger_api.TestPayments" name="test_checkout_session_for_existing_order" time="0.542" /><testcase classname="backend.tests.test_musas_burger_api.TestPayments" name="test_checkout_session_order_not_found" time="0.045" /><testcase classname="backend.tests.test_musas_burger_api.TestPayments" name="test_checkout_status_lookup" time="0.245"><skipped type="pytest.skip" message="Stripe status failed: 500 Internal Server Error">/app/backend/tests/test_musas_burger_api.py:335: Stripe status failed: 500 Internal Server Error</skipped></testcase><testcase classname="backend.tests.test_musas_burger_api.TestPayments" name="test_webhook_endpoint_accepts_post" time="0.050" /></testsuite></testsuites>